<?xml version="1.0" encoding="UTF-8"?>
<testng-results skipped="0" failed="0" ignored="0" total="1" passed="1">
  <reporter-output>
  </reporter-output>
  <suite name="All Test Suite" duration-ms="253300" started-at="2021-10-11T04:33:23Z" finished-at="2021-10-11T04:37:37Z">
    <groups>
      <group name="cucumber">
        <method signature="LoginRunner.feature(cucumber.api.testng.CucumberFeatureWrapper)[pri:0, instance:Runner.LoginRunner@45820e51]" name="feature" class="Runner.LoginRunner"/>
      </group> <!-- cucumber -->
    </groups>
    <test name="XenditMobileStoreAndroidFramework" duration-ms="253300" started-at="2021-10-11T04:33:23Z" finished-at="2021-10-11T04:37:37Z">
      <class name="Runner.LoginRunner">
        <test-method status="PASS" signature="setUpClass()[pri:0, instance:Runner.LoginRunner@45820e51]" name="setUpClass" is-config="true" duration-ms="8835" started-at="2021-10-11T04:33:23Z" finished-at="2021-10-11T04:33:32Z">
          <reporter-output>
          </reporter-output>
        </test-method> <!-- setUpClass -->
        <test-method status="PASS" signature="feature(cucumber.api.testng.CucumberFeatureWrapper)[pri:0, instance:Runner.LoginRunner@45820e51]" name="feature" duration-ms="242996" started-at="2021-10-11T04:33:33Z" description="Runs Cucumber Feature" data-provider="features" finished-at="2021-10-11T04:37:36Z">
          <params>
            <param index="0">
              <value>
                <![CDATA[Sign In Functionality]]>
              </value>
            </param>
          </params>
          <reporter-output>
          </reporter-output>
        </test-method> <!-- feature -->
        <test-method status="PASS" signature="tearDownClass()[pri:0, instance:Runner.LoginRunner@45820e51]" name="tearDownClass" is-config="true" duration-ms="613" started-at="2021-10-11T04:37:36Z" finished-at="2021-10-11T04:37:37Z">
          <reporter-output>
          </reporter-output>
        </test-method> <!-- tearDownClass -->
      </class> <!-- Runner.LoginRunner -->
    </test> <!-- XenditMobileStoreAndroidFramework -->
  </suite> <!-- All Test Suite -->
</testng-results>
